Created by PLY version 3.11 (http://www.dabeaz.com/ply)

Grammar

Rule 0     S' -> inicio
Rule 1     inicio -> instrucciones
Rule 2     instrucciones -> instrucciones instruccion
Rule 3     instrucciones -> instruccion
Rule 4     instruccion -> comandocreate
Rule 5     comandocreate -> CREATE TABLE ID PARABRE datostable PARCIERRA PYC
Rule 6     datostable -> datostable datotable
Rule 7     datostable -> datotable
Rule 8     datotable -> columnas
Rule 9     columnas -> columnas COMA columna
Rule 10    columnas -> columna
Rule 11    columna -> ID tipo tamanios
Rule 12    columna -> ID tipo restriccion
Rule 13    columna -> ID tipo
Rule 14    columna -> ID tipo tamanios restriccion
Rule 15    tamanios -> PARABRE tamanios COMA tamanio PARCIERRA
Rule 16    tamanios -> PARABRE tamanio PARCIERRA
Rule 17    tamanio -> NUMEROS
Rule 18    restriccion -> PRIMARY KEY
Rule 19    restriccion -> NOT NULL
Rule 20    restriccion -> reference
Rule 21    reference -> REFERENCE ID PARABRE ID PARCIERRA
Rule 22    tipo -> INT
Rule 23    tipo -> TEXT
Rule 24    tipo -> nvarchar
Rule 25    tipo -> DATE
Rule 26    tipo -> DECIMAL
Rule 27    nvarchar -> NVARCHAR PARABRE NUMEROS PARCIERRA

Terminals, with rules where they appear

COMA                 : 9 15
CREATE               : 5
DATE                 : 25
DECIMAL              : 26
ID                   : 5 11 12 13 14 21 21
INT                  : 22
KEY                  : 18
NOT                  : 19
NULL                 : 19
NUMEROS              : 17 27
NVARCHAR             : 27
PARABRE              : 5 15 16 21 27
PARCIERRA            : 5 15 16 21 27
PRIMARY              : 18
PYC                  : 5
REFERENCE            : 21
TABLE                : 5
TEXT                 : 23
error                : 

Nonterminals, with rules where they appear

columna              : 9 10
columnas             : 8 9
comandocreate        : 4
datostable           : 5 6
datotable            : 6 7
inicio               : 0
instruccion          : 2 3
instrucciones        : 1 2
nvarchar             : 24
reference            : 20
restriccion          : 12 14
tamanio              : 15 16
tamanios             : 11 14 15
tipo                 : 11 12 13 14

Parsing method: LALR

state 0

    (0) S' -> . inicio
    (1) inicio -> . instrucciones
    (2) instrucciones -> . instrucciones instruccion
    (3) instrucciones -> . instruccion
    (4) instruccion -> . comandocreate
    (5) comandocreate -> . CREATE TABLE ID PARABRE datostable PARCIERRA PYC

    CREATE          shift and go to state 5

    inicio                         shift and go to state 1
    instrucciones                  shift and go to state 2
    instruccion                    shift and go to state 3
    comandocreate                  shift and go to state 4

state 1

    (0) S' -> inicio .



state 2

    (1) inicio -> instrucciones .
    (2) instrucciones -> instrucciones . instruccion
    (4) instruccion -> . comandocreate
    (5) comandocreate -> . CREATE TABLE ID PARABRE datostable PARCIERRA PYC

    $end            reduce using rule 1 (inicio -> instrucciones .)
    CREATE          shift and go to state 5

    instruccion                    shift and go to state 6
    comandocreate                  shift and go to state 4

state 3

    (3) instrucciones -> instruccion .

    CREATE          reduce using rule 3 (instrucciones -> instruccion .)
    $end            reduce using rule 3 (instrucciones -> instruccion .)


state 4

    (4) instruccion -> comandocreate .

    CREATE          reduce using rule 4 (instruccion -> comandocreate .)
    $end            reduce using rule 4 (instruccion -> comandocreate .)


state 5

    (5) comandocreate -> CREATE . TABLE ID PARABRE datostable PARCIERRA PYC

    TABLE           shift and go to state 7


state 6

    (2) instrucciones -> instrucciones instruccion .

    CREATE          reduce using rule 2 (instrucciones -> instrucciones instruccion .)
    $end            reduce using rule 2 (instrucciones -> instrucciones instruccion .)


state 7

    (5) comandocreate -> CREATE TABLE . ID PARABRE datostable PARCIERRA PYC

    ID              shift and go to state 8


state 8

    (5) comandocreate -> CREATE TABLE ID . PARABRE datostable PARCIERRA PYC

    PARABRE         shift and go to state 9


state 9

    (5) comandocreate -> CREATE TABLE ID PARABRE . datostable PARCIERRA PYC
    (6) datostable -> . datostable datotable
    (7) datostable -> . datotable
    (8) datotable -> . columnas
    (9) columnas -> . columnas COMA columna
    (10) columnas -> . columna
    (11) columna -> . ID tipo tamanios
    (12) columna -> . ID tipo restriccion
    (13) columna -> . ID tipo
    (14) columna -> . ID tipo tamanios restriccion

    ID              shift and go to state 10

    datostable                     shift and go to state 11
    datotable                      shift and go to state 12
    columnas                       shift and go to state 13
    columna                        shift and go to state 14

state 10

    (11) columna -> ID . tipo tamanios
    (12) columna -> ID . tipo restriccion
    (13) columna -> ID . tipo
    (14) columna -> ID . tipo tamanios restriccion
    (22) tipo -> . INT
    (23) tipo -> . TEXT
    (24) tipo -> . nvarchar
    (25) tipo -> . DATE
    (26) tipo -> . DECIMAL
    (27) nvarchar -> . NVARCHAR PARABRE NUMEROS PARCIERRA

    INT             shift and go to state 16
    TEXT            shift and go to state 17
    DATE            shift and go to state 19
    DECIMAL         shift and go to state 20
    NVARCHAR        shift and go to state 21

    tipo                           shift and go to state 15
    nvarchar                       shift and go to state 18

state 11

    (5) comandocreate -> CREATE TABLE ID PARABRE datostable . PARCIERRA PYC
    (6) datostable -> datostable . datotable
    (8) datotable -> . columnas
    (9) columnas -> . columnas COMA columna
    (10) columnas -> . columna
    (11) columna -> . ID tipo tamanios
    (12) columna -> . ID tipo restriccion
    (13) columna -> . ID tipo
    (14) columna -> . ID tipo tamanios restriccion

    PARCIERRA       shift and go to state 22
    ID              shift and go to state 10

    datotable                      shift and go to state 23
    columnas                       shift and go to state 13
    columna                        shift and go to state 14

state 12

    (7) datostable -> datotable .

    PARCIERRA       reduce using rule 7 (datostable -> datotable .)
    ID              reduce using rule 7 (datostable -> datotable .)


state 13

    (8) datotable -> columnas .
    (9) columnas -> columnas . COMA columna

    PARCIERRA       reduce using rule 8 (datotable -> columnas .)
    ID              reduce using rule 8 (datotable -> columnas .)
    COMA            shift and go to state 24


state 14

    (10) columnas -> columna .

    COMA            reduce using rule 10 (columnas -> columna .)
    PARCIERRA       reduce using rule 10 (columnas -> columna .)
    ID              reduce using rule 10 (columnas -> columna .)


state 15

    (11) columna -> ID tipo . tamanios
    (12) columna -> ID tipo . restriccion
    (13) columna -> ID tipo .
    (14) columna -> ID tipo . tamanios restriccion
    (15) tamanios -> . PARABRE tamanios COMA tamanio PARCIERRA
    (16) tamanios -> . PARABRE tamanio PARCIERRA
    (18) restriccion -> . PRIMARY KEY
    (19) restriccion -> . NOT NULL
    (20) restriccion -> . reference
    (21) reference -> . REFERENCE ID PARABRE ID PARCIERRA

    COMA            reduce using rule 13 (columna -> ID tipo .)
    PARCIERRA       reduce using rule 13 (columna -> ID tipo .)
    ID              reduce using rule 13 (columna -> ID tipo .)
    PARABRE         shift and go to state 27
    PRIMARY         shift and go to state 28
    NOT             shift and go to state 29
    REFERENCE       shift and go to state 31

    tamanios                       shift and go to state 25
    restriccion                    shift and go to state 26
    reference                      shift and go to state 30

state 16

    (22) tipo -> INT .

    PARABRE         reduce using rule 22 (tipo -> INT .)
    PRIMARY         reduce using rule 22 (tipo -> INT .)
    NOT             reduce using rule 22 (tipo -> INT .)
    REFERENCE       reduce using rule 22 (tipo -> INT .)
    COMA            reduce using rule 22 (tipo -> INT .)
    PARCIERRA       reduce using rule 22 (tipo -> INT .)
    ID              reduce using rule 22 (tipo -> INT .)


state 17

    (23) tipo -> TEXT .

    PARABRE         reduce using rule 23 (tipo -> TEXT .)
    PRIMARY         reduce using rule 23 (tipo -> TEXT .)
    NOT             reduce using rule 23 (tipo -> TEXT .)
    REFERENCE       reduce using rule 23 (tipo -> TEXT .)
    COMA            reduce using rule 23 (tipo -> TEXT .)
    PARCIERRA       reduce using rule 23 (tipo -> TEXT .)
    ID              reduce using rule 23 (tipo -> TEXT .)


state 18

    (24) tipo -> nvarchar .

    PARABRE         reduce using rule 24 (tipo -> nvarchar .)
    PRIMARY         reduce using rule 24 (tipo -> nvarchar .)
    NOT             reduce using rule 24 (tipo -> nvarchar .)
    REFERENCE       reduce using rule 24 (tipo -> nvarchar .)
    COMA            reduce using rule 24 (tipo -> nvarchar .)
    PARCIERRA       reduce using rule 24 (tipo -> nvarchar .)
    ID              reduce using rule 24 (tipo -> nvarchar .)


state 19

    (25) tipo -> DATE .

    PARABRE         reduce using rule 25 (tipo -> DATE .)
    PRIMARY         reduce using rule 25 (tipo -> DATE .)
    NOT             reduce using rule 25 (tipo -> DATE .)
    REFERENCE       reduce using rule 25 (tipo -> DATE .)
    COMA            reduce using rule 25 (tipo -> DATE .)
    PARCIERRA       reduce using rule 25 (tipo -> DATE .)
    ID              reduce using rule 25 (tipo -> DATE .)


state 20

    (26) tipo -> DECIMAL .

    PARABRE         reduce using rule 26 (tipo -> DECIMAL .)
    PRIMARY         reduce using rule 26 (tipo -> DECIMAL .)
    NOT             reduce using rule 26 (tipo -> DECIMAL .)
    REFERENCE       reduce using rule 26 (tipo -> DECIMAL .)
    COMA            reduce using rule 26 (tipo -> DECIMAL .)
    PARCIERRA       reduce using rule 26 (tipo -> DECIMAL .)
    ID              reduce using rule 26 (tipo -> DECIMAL .)


state 21

    (27) nvarchar -> NVARCHAR . PARABRE NUMEROS PARCIERRA

    PARABRE         shift and go to state 32


state 22

    (5) comandocreate -> CREATE TABLE ID PARABRE datostable PARCIERRA . PYC

    PYC             shift and go to state 33


state 23

    (6) datostable -> datostable datotable .

    PARCIERRA       reduce using rule 6 (datostable -> datostable datotable .)
    ID              reduce using rule 6 (datostable -> datostable datotable .)


state 24

    (9) columnas -> columnas COMA . columna
    (11) columna -> . ID tipo tamanios
    (12) columna -> . ID tipo restriccion
    (13) columna -> . ID tipo
    (14) columna -> . ID tipo tamanios restriccion

    ID              shift and go to state 10

    columna                        shift and go to state 34

state 25

    (11) columna -> ID tipo tamanios .
    (14) columna -> ID tipo tamanios . restriccion
    (18) restriccion -> . PRIMARY KEY
    (19) restriccion -> . NOT NULL
    (20) restriccion -> . reference
    (21) reference -> . REFERENCE ID PARABRE ID PARCIERRA

    COMA            reduce using rule 11 (columna -> ID tipo tamanios .)
    PARCIERRA       reduce using rule 11 (columna -> ID tipo tamanios .)
    ID              reduce using rule 11 (columna -> ID tipo tamanios .)
    PRIMARY         shift and go to state 28
    NOT             shift and go to state 29
    REFERENCE       shift and go to state 31

    restriccion                    shift and go to state 35
    reference                      shift and go to state 30

state 26

    (12) columna -> ID tipo restriccion .

    COMA            reduce using rule 12 (columna -> ID tipo restriccion .)
    PARCIERRA       reduce using rule 12 (columna -> ID tipo restriccion .)
    ID              reduce using rule 12 (columna -> ID tipo restriccion .)


state 27

    (15) tamanios -> PARABRE . tamanios COMA tamanio PARCIERRA
    (16) tamanios -> PARABRE . tamanio PARCIERRA
    (15) tamanios -> . PARABRE tamanios COMA tamanio PARCIERRA
    (16) tamanios -> . PARABRE tamanio PARCIERRA
    (17) tamanio -> . NUMEROS

    PARABRE         shift and go to state 27
    NUMEROS         shift and go to state 38

    tamanios                       shift and go to state 36
    tamanio                        shift and go to state 37

state 28

    (18) restriccion -> PRIMARY . KEY

    KEY             shift and go to state 39


state 29

    (19) restriccion -> NOT . NULL

    NULL            shift and go to state 40


state 30

    (20) restriccion -> reference .

    COMA            reduce using rule 20 (restriccion -> reference .)
    PARCIERRA       reduce using rule 20 (restriccion -> reference .)
    ID              reduce using rule 20 (restriccion -> reference .)


state 31

    (21) reference -> REFERENCE . ID PARABRE ID PARCIERRA

    ID              shift and go to state 41


state 32

    (27) nvarchar -> NVARCHAR PARABRE . NUMEROS PARCIERRA

    NUMEROS         shift and go to state 42


state 33

    (5) comandocreate -> CREATE TABLE ID PARABRE datostable PARCIERRA PYC .

    CREATE          reduce using rule 5 (comandocreate -> CREATE TABLE ID PARABRE datostable PARCIERRA PYC .)
    $end            reduce using rule 5 (comandocreate -> CREATE TABLE ID PARABRE datostable PARCIERRA PYC .)


state 34

    (9) columnas -> columnas COMA columna .

    COMA            reduce using rule 9 (columnas -> columnas COMA columna .)
    PARCIERRA       reduce using rule 9 (columnas -> columnas COMA columna .)
    ID              reduce using rule 9 (columnas -> columnas COMA columna .)


state 35

    (14) columna -> ID tipo tamanios restriccion .

    COMA            reduce using rule 14 (columna -> ID tipo tamanios restriccion .)
    PARCIERRA       reduce using rule 14 (columna -> ID tipo tamanios restriccion .)
    ID              reduce using rule 14 (columna -> ID tipo tamanios restriccion .)


state 36

    (15) tamanios -> PARABRE tamanios . COMA tamanio PARCIERRA

    COMA            shift and go to state 43


state 37

    (16) tamanios -> PARABRE tamanio . PARCIERRA

    PARCIERRA       shift and go to state 44


state 38

    (17) tamanio -> NUMEROS .

    PARCIERRA       reduce using rule 17 (tamanio -> NUMEROS .)


state 39

    (18) restriccion -> PRIMARY KEY .

    COMA            reduce using rule 18 (restriccion -> PRIMARY KEY .)
    PARCIERRA       reduce using rule 18 (restriccion -> PRIMARY KEY .)
    ID              reduce using rule 18 (restriccion -> PRIMARY KEY .)


state 40

    (19) restriccion -> NOT NULL .

    COMA            reduce using rule 19 (restriccion -> NOT NULL .)
    PARCIERRA       reduce using rule 19 (restriccion -> NOT NULL .)
    ID              reduce using rule 19 (restriccion -> NOT NULL .)


state 41

    (21) reference -> REFERENCE ID . PARABRE ID PARCIERRA

    PARABRE         shift and go to state 45


state 42

    (27) nvarchar -> NVARCHAR PARABRE NUMEROS . PARCIERRA

    PARCIERRA       shift and go to state 46


state 43

    (15) tamanios -> PARABRE tamanios COMA . tamanio PARCIERRA
    (17) tamanio -> . NUMEROS

    NUMEROS         shift and go to state 38

    tamanio                        shift and go to state 47

state 44

    (16) tamanios -> PARABRE tamanio PARCIERRA .

    PRIMARY         reduce using rule 16 (tamanios -> PARABRE tamanio PARCIERRA .)
    NOT             reduce using rule 16 (tamanios -> PARABRE tamanio PARCIERRA .)
    REFERENCE       reduce using rule 16 (tamanios -> PARABRE tamanio PARCIERRA .)
    COMA            reduce using rule 16 (tamanios -> PARABRE tamanio PARCIERRA .)
    PARCIERRA       reduce using rule 16 (tamanios -> PARABRE tamanio PARCIERRA .)
    ID              reduce using rule 16 (tamanios -> PARABRE tamanio PARCIERRA .)


state 45

    (21) reference -> REFERENCE ID PARABRE . ID PARCIERRA

    ID              shift and go to state 48


state 46

    (27) nvarchar -> NVARCHAR PARABRE NUMEROS PARCIERRA .

    PARABRE         reduce using rule 27 (nvarchar -> NVARCHAR PARABRE NUMEROS PARCIERRA .)
    PRIMARY         reduce using rule 27 (nvarchar -> NVARCHAR PARABRE NUMEROS PARCIERRA .)
    NOT             reduce using rule 27 (nvarchar -> NVARCHAR PARABRE NUMEROS PARCIERRA .)
    REFERENCE       reduce using rule 27 (nvarchar -> NVARCHAR PARABRE NUMEROS PARCIERRA .)
    COMA            reduce using rule 27 (nvarchar -> NVARCHAR PARABRE NUMEROS PARCIERRA .)
    PARCIERRA       reduce using rule 27 (nvarchar -> NVARCHAR PARABRE NUMEROS PARCIERRA .)
    ID              reduce using rule 27 (nvarchar -> NVARCHAR PARABRE NUMEROS PARCIERRA .)


state 47

    (15) tamanios -> PARABRE tamanios COMA tamanio . PARCIERRA

    PARCIERRA       shift and go to state 49


state 48

    (21) reference -> REFERENCE ID PARABRE ID . PARCIERRA

    PARCIERRA       shift and go to state 50


state 49

    (15) tamanios -> PARABRE tamanios COMA tamanio PARCIERRA .

    PRIMARY         reduce using rule 15 (tamanios -> PARABRE tamanios COMA tamanio PARCIERRA .)
    NOT             reduce using rule 15 (tamanios -> PARABRE tamanios COMA tamanio PARCIERRA .)
    REFERENCE       reduce using rule 15 (tamanios -> PARABRE tamanios COMA tamanio PARCIERRA .)
    COMA            reduce using rule 15 (tamanios -> PARABRE tamanios COMA tamanio PARCIERRA .)
    PARCIERRA       reduce using rule 15 (tamanios -> PARABRE tamanios COMA tamanio PARCIERRA .)
    ID              reduce using rule 15 (tamanios -> PARABRE tamanios COMA tamanio PARCIERRA .)


state 50

    (21) reference -> REFERENCE ID PARABRE ID PARCIERRA .

    COMA            reduce using rule 21 (reference -> REFERENCE ID PARABRE ID PARCIERRA .)
    PARCIERRA       reduce using rule 21 (reference -> REFERENCE ID PARABRE ID PARCIERRA .)
    ID              reduce using rule 21 (reference -> REFERENCE ID PARABRE ID PARCIERRA .)

